<?xml version="1.0" encoding="UTF-8"?>
<!-- Generated by org.testng.reporters.JUnitReportReporter -->
<testsuite skipped="0" hostname="IBM-Testing01" name="Admin_Home_page1" tests="2" failures="0" timestamp="27 Dec 2019 11:42:04 GMT" time="0.942" errors="0">
  <testcase name="login" time="0.894" classname="Admin_Home_page1"/>
  <testcase name="personal" time="0.048" classname="Admin_Home_page1"/>
</testsuite> <!-- Admin_Home_page1 -->
