<?xml version="1.0" encoding="UTF-8"?>
<!-- Generated by org.testng.reporters.JUnitReportReporter -->
<testsuite skipped="0" hostname="IBM-Testing01" name="NewTest" tests="1" failures="0" timestamp="27 Dec 2019 10:52:34 GMT" time="5.115" errors="0">
  <testcase name="f" time="5.115" classname="NewTest"/>
</testsuite> <!-- NewTest -->
