<?xml version="1.0" encoding="UTF-8"?>
<!-- Generated by org.testng.reporters.JUnitReportReporter -->
<testsuite skipped="0" hostname="IBM-Testing01" name="Admin_Home_Page" tests="2" failures="0" timestamp="27 Dec 2019 11:01:27 GMT" time="5.292" errors="0">
  <testcase name="login" time="0.868" classname="Admin_Home_Page"/>
  <testcase name="transaction" time="4.424" classname="Admin_Home_Page"/>
</testsuite> <!-- Admin_Home_Page -->
